[debug] [2023-10-08T08:25:53.577Z] ----------------------------------------------------------------------
[debug] [2023-10-08T08:25:53.579Z] Command:       /usr/local/bin/node /usr/local/bin/firebase init
[debug] [2023-10-08T08:25:53.579Z] CLI Version:   11.24.0
[debug] [2023-10-08T08:25:53.579Z] Platform:      darwin
[debug] [2023-10-08T08:25:53.579Z] Node Version:  v18.13.0
[debug] [2023-10-08T08:25:53.580Z] Time:          Sun Oct 08 2023 10:25:53 GMT+0200 (Central European Summer Time)
[debug] [2023-10-08T08:25:53.580Z] ----------------------------------------------------------------------
[debug] 
[debug] [2023-10-08T08:25:53.631Z] > command requires scopes: ["email","openid","https://www.googleapis.com/auth/cloudplatformprojects.readonly","https://www.googleapis.com/auth/firebase","https://www.googleapis.com/auth/cloud-platform"]
[debug] [2023-10-08T08:25:53.632Z] > authorizing via signed-in user (adrien.ybanez@gmail.com)
[info] 
     ######## #### ########  ######## ########     ###     ######  ########
     ##        ##  ##     ## ##       ##     ##  ##   ##  ##       ##
     ######    ##  ########  ######   ########  #########  ######  ######
     ##        ##  ##    ##  ##       ##     ## ##     ##       ## ##
     ##       #### ##     ## ######## ########  ##     ##  ######  ########

You're about to initialize a Firebase project in this directory:

  /Users/adrien/Documents/dev/chaix/lavalanche

Before we get started, keep in mind:

  * You are initializing within an existing Firebase project directory

[info] 
=== Project Setup
[info] 
[info] First, let's associate this project directory with a Firebase project.
[info] You can create multiple project aliases by running firebase use --add, 
[info] but for now we'll just set up a default project.
[info] 
[debug] [2023-10-08T08:26:03.813Z] Using project from CLI flag: lavalanche-ee986
[debug] [2023-10-08T08:26:03.814Z] > refreshing access token with scopes: []
[debug] [2023-10-08T08:26:03.815Z] >>> [apiv2][query] POST https://www.googleapis.com/oauth2/v3/token [none]
[debug] [2023-10-08T08:26:03.815Z] >>> [apiv2][body] POST https://www.googleapis.com/oauth2/v3/token [omitted]
[debug] [2023-10-08T08:26:04.027Z] <<< [apiv2][status] POST https://www.googleapis.com/oauth2/v3/token 400
[debug] [2023-10-08T08:26:04.028Z] <<< [apiv2][body] POST https://www.googleapis.com/oauth2/v3/token [omitted]
[debug] [2023-10-08T08:26:04.028Z] >>> [apiv2][query] GET https://firebase.googleapis.com/v1beta1/projects/lavalanche-ee986 [none]
[debug] [2023-10-08T08:26:04.239Z] <<< [apiv2][status] GET https://firebase.googleapis.com/v1beta1/projects/lavalanche-ee986 401
[debug] [2023-10-08T08:26:04.239Z] <<< [apiv2][body] GET https://firebase.googleapis.com/v1beta1/projects/lavalanche-ee986 {"error":{"code":401,"message":"Request had invalid authentication credentials. Expected OAuth 2 access token, login cookie or other valid authentication credential. See https://developers.google.com/identity/sign-in/web/devconsole-project.","status":"UNAUTHENTICATED"}}
[debug] [2023-10-08T08:26:04.240Z] HTTP Error: 401, Request had invalid authentication credentials. Expected OAuth 2 access token, login cookie or other valid authentication credential. See https://developers.google.com/identity/sign-in/web/devconsole-project.
[debug] [2023-10-08T08:26:04.391Z] FirebaseError: HTTP Error: 401, Request had invalid authentication credentials. Expected OAuth 2 access token, login cookie or other valid authentication credential. See https://developers.google.com/identity/sign-in/web/devconsole-project.
    at responseToError (/usr/local/lib/node_modules/firebase-tools/lib/responseToError.js:49:12)
    at RetryOperation._fn (/usr/local/lib/node_modules/firebase-tools/lib/apiv2.js:288:77)
    at process.processTicksAndRejections (node:internal/process/task_queues:95:5)
[error] 
[error] Error: Failed to get Firebase project lavalanche-ee986. Please make sure the project exists and your account has permission to access it.
